<?xml version="1.0" encoding="UTF-8"?>
<coverage generated="1622954231166" clover="3.2.0">
  <project timestamp="1622954231167" name="All files">
    <metrics statements="41" coveredstatements="39" conditionals="17" coveredconditionals="14" methods="15" coveredmethods="15" elements="73" coveredelements="68" complexity="0" loc="41" ncloc="41" packages="2" files="7" classes="7"/>
    <package name="__tests__">
      <metrics statements="15" coveredstatements="15" conditionals="2" coveredconditionals="2" methods="6" coveredmethods="6"/>
      <file name="base.layout.tsx" path="/Users/wenhaoming/Desktop/学习/rc-keepalive/__tests__/base.layout.tsx">
        <metrics statements="15" coveredstatements="15" conditionals="2" coveredconditionals="2" methods="6" coveredmethods="6"/>
        <line num="4" count="1" type="stmt"/>
        <line num="5" count="6" type="stmt"/>
        <line num="6" count="6" type="stmt"/>
        <line num="13" count="1" type="stmt"/>
        <line num="14" count="1" type="stmt"/>
        <line num="22" count="1" type="stmt"/>
        <line num="23" count="6" type="stmt"/>
        <line num="24" count="6" type="stmt"/>
        <line num="27" count="3" type="stmt"/>
        <line num="33" count="1" type="stmt"/>
        <line num="34" count="1" type="stmt"/>
        <line num="36" count="1" type="stmt"/>
        <line num="37" count="11" type="stmt"/>
        <line num="39" count="11" type="stmt"/>
        <line num="43" count="6" type="stmt"/>
      </file>
    </package>
    <package name="src">
      <metrics statements="26" coveredstatements="24" conditionals="15" coveredconditionals="12" methods="9" coveredmethods="9"/>
      <file name="KeepAliveProvider.tsx" path="/Users/wenhaoming/Desktop/学习/rc-keepalive/src/KeepAliveProvider.tsx">
        <metrics statements="9" coveredstatements="9" conditionals="6" coveredconditionals="6" methods="4" coveredmethods="4"/>
        <line num="13" count="27" type="stmt"/>
        <line num="15" count="27" type="stmt"/>
        <line num="17" count="16" type="cond" truecount="2" falsecount="0"/>
        <line num="18" count="8" type="stmt"/>
        <line num="30" count="27" type="stmt"/>
        <line num="35" count="31" type="stmt"/>
        <line num="41" count="62" type="stmt"/>
        <line num="42" count="62" type="cond" truecount="4" falsecount="0"/>
        <line num="43" count="8" type="stmt"/>
      </file>
      <file name="actionTypes.ts" path="/Users/wenhaoming/Desktop/学习/rc-keepalive/src/actionTypes.ts">
        <metrics statements="0" coveredstatements="0" conditionals="0" coveredconditionals="0" methods="0" coveredmethods="0"/>
      </file>
      <file name="context.tsx" path="/Users/wenhaoming/Desktop/学习/rc-keepalive/src/context.tsx">
        <metrics statements="0" coveredstatements="0" conditionals="0" coveredconditionals="0" methods="0" coveredmethods="0"/>
      </file>
      <file name="contextReducer.tsx" path="/Users/wenhaoming/Desktop/学习/rc-keepalive/src/contextReducer.tsx">
        <metrics statements="6" coveredstatements="4" conditionals="5" coveredconditionals="2" methods="1" coveredmethods="1"/>
        <line num="8" count="16" type="stmt"/>
        <line num="9" count="16" type="cond" truecount="2" falsecount="2"/>
        <line num="11" count="8" type="stmt"/>
        <line num="20" count="8" type="stmt"/>
        <line num="29" count="0" type="stmt"/>
        <line num="32" count="0" type="stmt"/>
      </file>
      <file name="index.tsx" path="/Users/wenhaoming/Desktop/学习/rc-keepalive/src/index.tsx">
        <metrics statements="0" coveredstatements="0" conditionals="0" coveredconditionals="0" methods="0" coveredmethods="0"/>
      </file>
      <file name="withKeepAlive.tsx" path="/Users/wenhaoming/Desktop/学习/rc-keepalive/src/withKeepAlive.tsx">
        <metrics statements="11" coveredstatements="11" conditionals="4" coveredconditionals="4" methods="4" coveredmethods="4"/>
        <line num="7" count="2" type="stmt"/>
        <line num="9" count="2" type="stmt"/>
        <line num="10" count="27" type="stmt"/>
        <line num="11" count="27" type="stmt"/>
        <line num="13" count="27" type="stmt"/>
        <line num="14" count="27" type="stmt"/>
        <line num="15" count="27" type="cond" truecount="4" falsecount="0"/>
        <line num="16" count="11" type="stmt"/>
        <line num="17" count="11" type="stmt"/>
        <line num="19" count="16" type="stmt"/>
        <line num="23" count="27" type="stmt"/>
      </file>
    </package>
  </project>
</coverage>
