{"/Users/wenhaoming/Desktop/学习/rc-keepalive/__tests__/base.layout.tsx": {"path":"/Users/wenhaoming/Desktop/学习/rc-keepalive/__tests__/base.layout.tsx","statementMap":{"0":{"start":{"line":4,"column":15},"end":{"line":20,"column":3}},"1":{"start":{"line":5,"column":30},"end":{"line":5,"column":41}},"2":{"start":{"line":6,"column":4},"end":{"line":19,"column":6}},"3":{"start":{"line":13,"column":12},"end":{"line":13,"column":37}},"4":{"start":{"line":14,"column":12},"end":{"line":14,"column":40}},"5":{"start":{"line":22,"column":16},"end":{"line":30,"column":3}},"6":{"start":{"line":23,"column":30},"end":{"line":23,"column":41}},"7":{"start":{"line":24,"column":4},"end":{"line":29,"column":6}},"8":{"start":{"line":27,"column":63},"end":{"line":27,"column":82}},"9":{"start":{"line":33,"column":21},"end":{"line":33,"column":41}},"10":{"start":{"line":34,"column":21},"end":{"line":34,"column":41}},"11":{"start":{"line":36,"column":12},"end":{"line":49,"column":1}},"12":{"start":{"line":37,"column":26},"end":{"line":37,"column":41}},"13":{"start":{"line":39,"column":2},"end":{"line":48,"column":4}},"14":{"start":{"line":43,"column":44},"end":{"line":43,"column":58}}},"fnMap":{"0":{"name":"(anonymous_0)","decl":{"start":{"line":4,"column":15},"end":{"line":4,"column":16}},"loc":{"start":{"line":4,"column":21},"end":{"line":20,"column":3}},"line":4},"1":{"name":"(anonymous_1)","decl":{"start":{"line":12,"column":20},"end":{"line":12,"column":21}},"loc":{"start":{"line":12,"column":27},"end":{"line":15,"column":11}},"line":12},"2":{"name":"(anonymous_2)","decl":{"start":{"line":22,"column":16},"end":{"line":22,"column":17}},"loc":{"start":{"line":22,"column":22},"end":{"line":30,"column":3}},"line":22},"3":{"name":"(anonymous_3)","decl":{"start":{"line":27,"column":57},"end":{"line":27,"column":58}},"loc":{"start":{"line":27,"column":63},"end":{"line":27,"column":82}},"line":27},"4":{"name":"(anonymous_4)","decl":{"start":{"line":36,"column":12},"end":{"line":36,"column":13}},"loc":{"start":{"line":36,"column":18},"end":{"line":49,"column":1}},"line":36},"5":{"name":"(anonymous_5)","decl":{"start":{"line":43,"column":38},"end":{"line":43,"column":39}},"loc":{"start":{"line":43,"column":44},"end":{"line":43,"column":58}},"line":43}},"branchMap":{"0":{"loc":{"start":{"line":44,"column":11},"end":{"line":44,"column":53}},"type":"cond-expr","locations":[{"start":{"line":44,"column":18},"end":{"line":44,"column":34}},{"start":{"line":44,"column":37},"end":{"line":44,"column":53}}],"line":44}},"s":{"0":1,"1":6,"2":6,"3":1,"4":1,"5":1,"6":6,"7":6,"8":3,"9":1,"10":1,"11":1,"12":11,"13":11,"14":6},"f":{"0":6,"1":1,"2":6,"3":3,"4":11,"5":6},"b":{"0":[4,7]},"_coverageSchema":"43e27e138ebf9cfc5966b082cf9a028302ed4184","hash":"396f9790ea7711fa27c4c1f938b1747a5ca2ede5"}
,"/Users/wenhaoming/Desktop/学习/rc-keepalive/src/KeepAliveProvider.tsx": {"path":"/Users/wenhaoming/Desktop/学习/rc-keepalive/src/KeepAliveProvider.tsx","statementMap":{"0":{"start":{"line":13,"column":35},"end":{"line":13,"column":88}},"1":{"start":{"line":15,"column":16},"end":{"line":28,"column":3}},"2":{"start":{"line":17,"column":6},"end":{"line":25,"column":7}},"3":{"start":{"line":18,"column":8},"end":{"line":24,"column":11}},"4":{"start":{"line":30,"column":2},"end":{"line":59,"column":4}},"5":{"start":{"line":35,"column":10},"end":{"line":55,"column":12}},"6":{"start":{"line":41,"column":37},"end":{"line":41,"column":68}},"7":{"start":{"line":42,"column":16},"end":{"line":50,"column":17}},"8":{"start":{"line":43,"column":18},"end":{"line":49,"column":21}}},"fnMap":{"0":{"name":"KeepAliveProvider","decl":{"start":{"line":12,"column":9},"end":{"line":12,"column":26}},"loc":{"start":{"line":12,"column":56},"end":{"line":60,"column":1}},"line":12},"1":{"name":"(anonymous_1)","decl":{"start":{"line":16,"column":4},"end":{"line":16,"column":5}},"loc":{"start":{"line":16,"column":30},"end":{"line":26,"column":5}},"line":16},"2":{"name":"(anonymous_2)","decl":{"start":{"line":34,"column":41},"end":{"line":34,"column":42}},"loc":{"start":{"line":34,"column":67},"end":{"line":56,"column":9}},"line":34},"3":{"name":"(anonymous_3)","decl":{"start":{"line":40,"column":19},"end":{"line":40,"column":20}},"loc":{"start":{"line":40,"column":28},"end":{"line":51,"column":15}},"line":40}},"branchMap":{"0":{"loc":{"start":{"line":17,"column":6},"end":{"line":25,"column":7}},"type":"if","locations":[{"start":{"line":17,"column":6},"end":{"line":25,"column":7}},{"start":{"line":17,"column":6},"end":{"line":25,"column":7}}],"line":17},"1":{"loc":{"start":{"line":42,"column":16},"end":{"line":50,"column":17}},"type":"if","locations":[{"start":{"line":42,"column":16},"end":{"line":50,"column":17}},{"start":{"line":42,"column":16},"end":{"line":50,"column":17}}],"line":42},"2":{"loc":{"start":{"line":42,"column":20},"end":{"line":42,"column":45}},"type":"binary-expr","locations":[{"start":{"line":42,"column":20},"end":{"line":42,"column":23}},{"start":{"line":42,"column":27},"end":{"line":42,"column":45}}],"line":42}},"s":{"0":27,"1":27,"2":16,"3":8,"4":27,"5":31,"6":62,"7":62,"8":8},"f":{"0":27,"1":16,"2":31,"3":62},"b":{"0":[8,8],"1":[8,54],"2":[62,31]},"_coverageSchema":"43e27e138ebf9cfc5966b082cf9a028302ed4184","hash":"dced80c2e752dc025fe3914983d7e913e996a22e"}
,"/Users/wenhaoming/Desktop/学习/rc-keepalive/src/actionTypes.ts": {"path":"/Users/wenhaoming/Desktop/学习/rc-keepalive/src/actionTypes.ts","statementMap":{},"fnMap":{},"branchMap":{},"s":{},"f":{},"b":{},"_coverageSchema":"43e27e138ebf9cfc5966b082cf9a028302ed4184","hash":"3878f4d293128b90175526e5b8fcc178c1db6561"}
,"/Users/wenhaoming/Desktop/学习/rc-keepalive/src/context.tsx": {"path":"/Users/wenhaoming/Desktop/学习/rc-keepalive/src/context.tsx","statementMap":{},"fnMap":{},"branchMap":{},"s":{},"f":{},"b":{},"_coverageSchema":"43e27e138ebf9cfc5966b082cf9a028302ed4184","hash":"b2340f85c286486a2eb00290b536554574f2a6d1"}
,"/Users/wenhaoming/Desktop/学习/rc-keepalive/src/contextReducer.tsx": {"path":"/Users/wenhaoming/Desktop/学习/rc-keepalive/src/contextReducer.tsx","statementMap":{"0":{"start":{"line":8,"column":22},"end":{"line":8,"column":28}},"1":{"start":{"line":9,"column":2},"end":{"line":33,"column":3}},"2":{"start":{"line":11,"column":6},"end":{"line":18,"column":8}},"3":{"start":{"line":20,"column":6},"end":{"line":27,"column":8}},"4":{"start":{"line":29,"column":6},"end":{"line":29,"column":16}},"5":{"start":{"line":32,"column":6},"end":{"line":32,"column":26}}},"fnMap":{"0":{"name":"contextReducer","decl":{"start":{"line":4,"column":9},"end":{"line":4,"column":23}},"loc":{"start":{"line":7,"column":2},"end":{"line":34,"column":1}},"line":7}},"branchMap":{"0":{"loc":{"start":{"line":5,"column":2},"end":{"line":5,"column":48}},"type":"default-arg","locations":[{"start":{"line":5,"column":46},"end":{"line":5,"column":48}}],"line":5},"1":{"loc":{"start":{"line":9,"column":2},"end":{"line":33,"column":3}},"type":"switch","locations":[{"start":{"line":10,"column":4},"end":{"line":18,"column":8}},{"start":{"line":19,"column":4},"end":{"line":27,"column":8}},{"start":{"line":28,"column":4},"end":{"line":29,"column":16}},{"start":{"line":31,"column":4},"end":{"line":32,"column":26}}],"line":9}},"s":{"0":16,"1":16,"2":8,"3":8,"4":0,"5":0},"f":{"0":16},"b":{"0":[0],"1":[8,8,0,0]},"_coverageSchema":"43e27e138ebf9cfc5966b082cf9a028302ed4184","hash":"c6a6cc4859a04456e13337d7b296a8a22d7b4600"}
,"/Users/wenhaoming/Desktop/学习/rc-keepalive/src/index.tsx": {"path":"/Users/wenhaoming/Desktop/学习/rc-keepalive/src/index.tsx","statementMap":{},"fnMap":{},"branchMap":{},"s":{},"f":{},"b":{},"_coverageSchema":"43e27e138ebf9cfc5966b082cf9a028302ed4184","hash":"167bd4352bb1e7ce572fb7cc434724a51a0869b8"}
,"/Users/wenhaoming/Desktop/学习/rc-keepalive/src/withKeepAlive.tsx": {"path":"/Users/wenhaoming/Desktop/学习/rc-keepalive/src/withKeepAlive.tsx","statementMap":{"0":{"start":{"line":7,"column":18},"end":{"line":7,"column":26}},"1":{"start":{"line":9,"column":2},"end":{"line":24,"column":4}},"2":{"start":{"line":10,"column":16},"end":{"line":10,"column":41}},"3":{"start":{"line":11,"column":46},"end":{"line":11,"column":78}},"4":{"start":{"line":13,"column":4},"end":{"line":21,"column":47}},"5":{"start":{"line":14,"column":27},"end":{"line":14,"column":48}},"6":{"start":{"line":15,"column":6},"end":{"line":20,"column":7}},"7":{"start":{"line":16,"column":25},"end":{"line":16,"column":37}},"8":{"start":{"line":17,"column":8},"end":{"line":17,"column":61}},"9":{"start":{"line":17,"column":30},"end":{"line":17,"column":59}},"10":{"start":{"line":19,"column":8},"end":{"line":19,"column":85}},"11":{"start":{"line":23,"column":4},"end":{"line":23,"column":58}}},"fnMap":{"0":{"name":"withKeepAlive","decl":{"start":{"line":6,"column":9},"end":{"line":6,"column":22}},"loc":{"start":{"line":6,"column":77},"end":{"line":25,"column":1}},"line":6},"1":{"name":"(anonymous_1)","decl":{"start":{"line":9,"column":9},"end":{"line":9,"column":10}},"loc":{"start":{"line":9,"column":29},"end":{"line":24,"column":3}},"line":9},"2":{"name":"(anonymous_2)","decl":{"start":{"line":13,"column":14},"end":{"line":13,"column":15}},"loc":{"start":{"line":13,"column":20},"end":{"line":21,"column":5}},"line":13},"3":{"name":"(anonymous_3)","decl":{"start":{"line":17,"column":21},"end":{"line":17,"column":22}},"loc":{"start":{"line":17,"column":30},"end":{"line":17,"column":59}},"line":17}},"branchMap":{"0":{"loc":{"start":{"line":15,"column":6},"end":{"line":20,"column":7}},"type":"if","locations":[{"start":{"line":15,"column":6},"end":{"line":20,"column":7}},{"start":{"line":15,"column":6},"end":{"line":20,"column":7}}],"line":15},"1":{"loc":{"start":{"line":15,"column":10},"end":{"line":15,"column":43}},"type":"binary-expr","locations":[{"start":{"line":15,"column":10},"end":{"line":15,"column":22}},{"start":{"line":15,"column":26},"end":{"line":15,"column":43}}],"line":15}},"s":{"0":2,"1":2,"2":27,"3":27,"4":27,"5":27,"6":27,"7":11,"8":11,"9":11,"10":16,"11":27},"f":{"0":2,"1":27,"2":27,"3":11},"b":{"0":[11,16],"1":[27,19]},"_coverageSchema":"43e27e138ebf9cfc5966b082cf9a028302ed4184","hash":"74e1c01ecc9fa255ca4c0032d7bab86c167a6d8c"}
}
