TN:
SF:/Users/wenhaoming/Desktop/学习/rc-keepalive/__tests__/base.layout.tsx
FN:4,(anonymous_0)
FN:12,(anonymous_1)
FN:22,(anonymous_2)
FN:27,(anonymous_3)
FN:36,(anonymous_4)
FN:43,(anonymous_5)
FNF:6
FNH:6
FNDA:6,(anonymous_0)
FNDA:1,(anonymous_1)
FNDA:6,(anonymous_2)
FNDA:3,(anonymous_3)
FNDA:11,(anonymous_4)
FNDA:6,(anonymous_5)
DA:4,1
DA:5,6
DA:6,6
DA:13,1
DA:14,1
DA:22,1
DA:23,6
DA:24,6
DA:27,3
DA:33,1
DA:34,1
DA:36,1
DA:37,11
DA:39,11
DA:43,6
LF:15
LH:15
BRDA:44,0,0,4
BRDA:44,0,1,7
BRF:2
BRH:2
end_of_record
TN:
SF:/Users/wenhaoming/Desktop/学习/rc-keepalive/src/KeepAliveProvider.tsx
FN:12,KeepAliveProvider
FN:16,(anonymous_1)
FN:34,(anonymous_2)
FN:40,(anonymous_3)
FNF:4
FNH:4
FNDA:27,KeepAliveProvider
FNDA:16,(anonymous_1)
FNDA:31,(anonymous_2)
FNDA:62,(anonymous_3)
DA:13,27
DA:15,27
DA:17,16
DA:18,8
DA:30,27
DA:35,31
DA:41,62
DA:42,62
DA:43,8
LF:9
LH:9
BRDA:17,0,0,8
BRDA:17,0,1,8
BRDA:42,1,0,8
BRDA:42,1,1,54
BRDA:42,2,0,62
BRDA:42,2,1,31
BRF:6
BRH:6
end_of_record
TN:
SF:/Users/wenhaoming/Desktop/学习/rc-keepalive/src/actionTypes.ts
FNF:0
FNH:0
LF:0
LH:0
BRF:0
BRH:0
end_of_record
TN:
SF:/Users/wenhaoming/Desktop/学习/rc-keepalive/src/context.tsx
FNF:0
FNH:0
LF:0
LH:0
BRF:0
BRH:0
end_of_record
TN:
SF:/Users/wenhaoming/Desktop/学习/rc-keepalive/src/contextReducer.tsx
FN:4,contextReducer
FNF:1
FNH:1
FNDA:16,contextReducer
DA:8,16
DA:9,16
DA:11,8
DA:20,8
DA:29,0
DA:32,0
LF:6
LH:4
BRDA:5,0,0,0
BRDA:9,1,0,8
BRDA:9,1,1,8
BRDA:9,1,2,0
BRDA:9,1,3,0
BRF:5
BRH:2
end_of_record
TN:
SF:/Users/wenhaoming/Desktop/学习/rc-keepalive/src/index.tsx
FNF:0
FNH:0
LF:0
LH:0
BRF:0
BRH:0
end_of_record
TN:
SF:/Users/wenhaoming/Desktop/学习/rc-keepalive/src/withKeepAlive.tsx
FN:6,withKeepAlive
FN:9,(anonymous_1)
FN:13,(anonymous_2)
FN:17,(anonymous_3)
FNF:4
FNH:4
FNDA:2,withKeepAlive
FNDA:27,(anonymous_1)
FNDA:27,(anonymous_2)
FNDA:11,(anonymous_3)
DA:7,2
DA:9,2
DA:10,27
DA:11,27
DA:13,27
DA:14,27
DA:15,27
DA:16,11
DA:17,11
DA:19,16
DA:23,27
LF:11
LH:11
BRDA:15,0,0,11
BRDA:15,0,1,16
BRDA:15,1,0,27
BRDA:15,1,1,19
BRF:4
BRH:4
end_of_record
